Arguments: 
  C:\Program Files\nodejs\node.exe C:\Program Files (x86)\Yarn\bin\yarn.js init -y

PATH: 
  C:\oracl11g\product\11.2.0\dbhome_3\bin;C:\Program Files (x86)\Common Files\Oracle\Java\javapath;C:\WINDOWS\system32;C:\WINDOWS;C:\WINDOWS\System32\Wbem;C:\WINDOWS\System32\WindowsPowerShell\v1.0\;C:\WINDOWS\System32\OpenSSH\;C:\Program Files\Java\jdk1.8.0_261bin;C:\oracl11g\product\11.2.0\dbhome_1bin;C:\Program Files\nodejs\;C:\Program Files (x86)\Yarn\bin\;C:\Program Files\Git\cmd;C:\Users\RyuHogun\anaconda3;C:\Users\RyuHogun\anaconda3\Library\mingw-w64\bin;C:\Users\RyuHogun\anaconda3\Library\usr\bin;C:\Users\RyuHogun\anaconda3\Library\bin;C:\Users\RyuHogun\anaconda3\Scripts;C:\Users\RyuHogun\AppData\Local\Programs\Python\Python38-32\Scripts\;C:\Users\RyuHogun\AppData\Local\Programs\Python\Python38-32\;C:\Users\RyuHogun\AppData\Local\Microsoft\WindowsApps;C:\Users\RyuHogun\AppData\Local\Programs\Microsoft VS Code\bin;C:\Users\RyuHogun\AppData\Roaming\npm;C:\Users\RyuHogun\AppData\Local\Yarn\bin;C:\Program Files\Bandizip\

Yarn version: 
  1.22.4

Node version: 
  12.16.3

Platform: 
  win32 x64

Trace: 
  SyntaxError: C:\Users\RyuHogun\hello-react\vanilla-redux\package.json: Unexpected end of JSON input
      at JSON.parse (<anonymous>)
      at C:\Program Files (x86)\Yarn\lib\cli.js:1625:59
      at Generator.next (<anonymous>)
      at step (C:\Program Files (x86)\Yarn\lib\cli.js:310:30)
      at C:\Program Files (x86)\Yarn\lib\cli.js:321:13

npm manifest: 
  

yarn manifest: 
  No manifest

Lockfile: 
  No lockfile
